02-03 00:35:48 com_github_MitjaNemec_PlaceFootprints.action_place_footprints 674:Plugin executed on: 'win32'
02-03 00:35:48 com_github_MitjaNemec_PlaceFootprints.action_place_footprints 675:Plugin executed with python version: '3.11.5 (main, Nov  6 2025, 07:48:09) [MSC v.1944 64 bit (AMD64)]'
02-03 00:35:48 com_github_MitjaNemec_PlaceFootprints.action_place_footprints 676:KiCad build version: 9.0.7
02-03 00:35:48 com_github_MitjaNemec_PlaceFootprints.action_place_footprints 677:Plugin version: 4.0.1
02-03 00:35:48 com_github_MitjaNemec_PlaceFootprints.action_place_footprints 678:Frame repr: <wx._core.Frame object at 0x00000146B69CFD90>
02-03 00:35:48 com_github_MitjaNemec_PlaceFootprints.place_footprints 121:getting a list of all footprints on board
02-03 00:35:48 com_github_MitjaNemec_PlaceFootprints.place_footprints 156:Footprint S1 on root level
02-03 00:35:48 com_github_MitjaNemec_PlaceFootprints.place_footprints 156:Footprint U1 on root level
02-03 00:35:48 com_github_MitjaNemec_PlaceFootprints.action_place_footprints 717:Reference footprint='S1'
02-03 00:35:51 com_github_MitjaNemec_PlaceFootprints.action_place_footprints 858:Reference designator is: S
02-03 00:35:51 com_github_MitjaNemec_PlaceFootprints.action_place_footprints 859:Reference number is: 1
02-03 00:35:51 com_github_MitjaNemec_PlaceFootprints.action_place_footprints 891:Sorted and filtered list:
['S1']
02-03 00:35:51 com_github_MitjaNemec_PlaceFootprints.action_place_footprints 376:wx.Colour(240, 240, 240, 255)
02-03 00:35:53 com_github_MitjaNemec_PlaceFootprints.action_place_footprints 507:'19.20'
02-03 00:35:53 com_github_MitjaNemec_PlaceFootprints.action_place_footprints 566:Preparing config for reference matrix
02-03 00:35:53 com_github_MitjaNemec_PlaceFootprints.action_place_footprints 573:Saving config file
02-03 00:35:53 com_github_MitjaNemec_PlaceFootprints.action_place_footprints 575:Saved the config file
02-03 00:35:53 com_github_MitjaNemec_PlaceFootprints.action_place_footprints 929:Footprints to place:
['S1']
02-03 00:35:53 com_github_MitjaNemec_PlaceFootprints.place_footprints 427:Starting placing with matrix layout
02-03 00:35:53 com_github_MitjaNemec_PlaceFootprints.action_place_footprints 999:Placing complete
